<?xml version="1.0" encoding="UTF-8"?>
<testsuite xmlns:xsi="http://www.w3.org/2001/XMLSchema-instance" xsi:noNamespaceSchemaLocation="https://maven.apache.org/surefire/maven-surefire-plugin/xsd/surefire-test-report.xsd" name="com.zooweb.presentation.AnimalControllerTest" time="1.128" tests="8" errors="1" skipped="0" failures="2">
  <properties>
[...]
</properties>
  <testcase name="moveAnimal_ValidEnclosure_ReturnsOk" classname="com.zooweb.presentation.AnimalControllerTest" time="0.052"/>
  <testcase name="getAnimal_InvalidUUID_ReturnsBadRequest" classname="com.zooweb.presentation.AnimalControllerTest" time="0.017"/>
  <testcase name="healAnimal_HealthyAnimal_ReturnsBadRequest" classname="com.zooweb.presentation.AnimalControllerTest" time="0.003">
    <error message="Unresolved compilation problem: &#10;	The method when(T) in the type Mockito is not applicable for the arguments (void)&#10;" type="java.lang.Error">java.lang.Error: 
Unresolved compilation problem: 
	The method when(T) in the type Mockito is not applicable for the arguments (void)

	at com.zooweb.presentation.AnimalControllerTest.healAnimal_HealthyAnimal_ReturnsBadRequest(AnimalControllerTest.java:106)
</error>
  </testcase>
  <testcase name="createAnimal_ValidInput_ReturnsCreated" classname="com.zooweb.presentation.AnimalControllerTest" time="0.027"/>
  <testcase name="getAnimal_ExistingId_ReturnsAnimal" classname="com.zooweb.presentation.AnimalControllerTest" time="0.003"/>
  <testcase name="createAnimal_InvalidInput_ReturnsBadRequest" classname="com.zooweb.presentation.AnimalControllerTest" time="0.004"/>
  <testcase name="feedAnimal_ValidFood_ReturnsOk" classname="com.zooweb.presentation.AnimalControllerTest" time="0.003">
    <failure message="Status expected:&lt;200&gt; but was:&lt;500&gt;" type="java.lang.AssertionError"><![CDATA[java.lang.AssertionError: Status expected:<200> but was:<500>
	at com.zooweb.presentation.AnimalControllerTest.feedAnimal_ValidFood_ReturnsOk(AnimalControllerTest.java:126)
]]></failure>
    <system-out><![CDATA[
MockHttpServletRequest:
      HTTP Method = PUT
      Request URI = /api/animals/8e1d5a55-a6a2-411a-8c24-ce1f241def5a/feed
       Parameters = {}
          Headers = [Content-Type:"application/json;charset=UTF-8", Content-Length:"6"]
             Body = "MEAT"
    Session Attrs = {}

Handler:
             Type = com.zooweb.presentation.AnimalController
           Method = com.zooweb.presentation.AnimalController#feedAnimal(UUID, FeedAnimalRequestDTO)

Async:
    Async started = false
     Async result = null

Resolved Exception:
             Type = org.springframework.http.converter.HttpMessageNotReadableException

ModelAndView:
        View name = null
             View = null
            Model = null

FlashMap:
       Attributes = null

MockHttpServletResponse:
           Status = 500
    Error message = null
          Headers = [Content-Type:"application/json"]
     Content type = application/json
             Body = {"exception":"HttpMessageNotReadableException","error":"Внутренняя ошибка сервера","message":"JSON parse error: Cannot construct instance of `com.zooweb.presentation.dto.FeedAnimalRequestDTO` (although at least one Creator exists): no String-argument constructor/factory method to deserialize from String value ('MEAT'); nested exception is com.fasterxml.jackson.databind.exc.MismatchedInputException: Cannot construct instance of `com.zooweb.presentation.dto.FeedAnimalRequestDTO` (although at least one Creator exists): no String-argument constructor/factory method to deserialize from String value ('MEAT')\n at [Source: (org.springframework.util.StreamUtils$NonClosingInputStream); line: 1, column: 1]","timestamp":"2025-04-12T18:33:32.015471","status":500}
    Forwarded URL = null
   Redirected URL = null
          Cookies = []
]]></system-out>
  </testcase>
  <testcase name="getAnimal_NonExistingId_ReturnsNotFound" classname="com.zooweb.presentation.AnimalControllerTest" time="0.001">
    <failure message="Status expected:&lt;404&gt; but was:&lt;200&gt;" type="java.lang.AssertionError"><![CDATA[java.lang.AssertionError: Status expected:<404> but was:<200>
	at com.zooweb.presentation.AnimalControllerTest.getAnimal_NonExistingId_ReturnsNotFound(AnimalControllerTest.java:90)
]]></failure>
    <system-out><![CDATA[
MockHttpServletRequest:
      HTTP Method = GET
      Request URI = /api/animals/091ada0b-6ff0-4a0e-9f0c-d912ab88c605
       Parameters = {}
          Headers = []
             Body = null
    Session Attrs = {}

Handler:
             Type = com.zooweb.presentation.AnimalController
           Method = com.zooweb.presentation.AnimalController#getAnimal(UUID)

Async:
    Async started = false
     Async result = null

Resolved Exception:
             Type = null

ModelAndView:
        View name = null
             View = null
            Model = null

FlashMap:
       Attributes = null

MockHttpServletResponse:
           Status = 200
    Error message = null
          Headers = []
     Content type = null
             Body = 
    Forwarded URL = null
   Redirected URL = null
          Cookies = []
]]></system-out>
  </testcase>
</testsuite>