<?xml version="1.0" encoding="UTF-8"?>
<testsuite xmlns:xsi="http://www.w3.org/2001/XMLSchema-instance" xsi:noNamespaceSchemaLocation="https://maven.apache.org/surefire/maven-surefire-plugin/xsd/surefire-test-report.xsd" name="com.example.AppTest" time="0.101" tests="5" errors="0" skipped="0" failures="0">
  <properties>
[...]
</properties>
  <testcase name="CorrectCountOfAnimals" classname="com.example.AppTest" time="0.078"/>
  <testcase name="AddingNotHealtyAnimals" classname="com.example.AppTest" time="0.004"/>
  <testcase name="AddingHealthy" classname="com.example.AppTest" time="0.004"/>
  <testcase name="CorrectFoodCount" classname="com.example.AppTest" time="0.003"/>
  <testcase name="CorrectCuttiesCount" classname="com.example.AppTest" time="0.003"/>
</testsuite>