<?xml version="1.0" encoding="UTF-8"?>
<testsuite xmlns:xsi="http://www.w3.org/2001/XMLSchema-instance" xsi:noNamespaceSchemaLocation="https://maven.apache.org/surefire/maven-surefire-plugin/xsd/surefire-test-report.xsd" name="com.tests.Tests" time="0.151" tests="11" errors="0" skipped="0" failures="0">
  <properties>
[...]
</properties>
  <testcase name="OperationBuilderTest" classname="com.tests.Tests" time="0.017"/>
  <testcase name="ImportJSONTest" classname="com.tests.Tests" time="0.078"/>
  <testcase name="testStatsFiltering" classname="com.tests.Tests" time="0.003"/>
  <testcase name="ExportYAMLTest" classname="com.tests.Tests" time="0.01"/>
  <testcase name="CategoryFabricTest" classname="com.tests.Tests" time="0"/>
  <testcase name="ImportCSVTest" classname="com.tests.Tests" time="0.004"/>
  <testcase name="ImportYAMLTest" classname="com.tests.Tests" time="0.005"/>
  <testcase name="RevertOperationTest" classname="com.tests.Tests" time="0"/>
  <testcase name="BankAccFacadeTest" classname="com.tests.Tests" time="0.001"/>
  <testcase name="ExportJSONTest" classname="com.tests.Tests" time="0.006"/>
  <testcase name="ExportCSVTest" classname="com.tests.Tests" time="0.003"/>
</testsuite>